Using pre-set license
Built from '6000.0/release' branch; Version is '6000.0.35f1 (9a3bc604008a) revision 10107846'; Using compiler version '193933523'; Build Type 'Release'
OS: 'Windows 11  (10.0.26100) 64bit Enterprise' Language: 'en' Physical Memory: 32456 MB
BatchMode: 1, IsHumanControllingUs: 0, StartBugReporterOnCrash: 0, Is64bit: 1, IsPro: 1

COMMAND LINE ARGUMENTS:
C:\Program Files\Unity\Hub\Editor\6000.0.35f1\Editor\Unity.exe
-adb2
-batchMode
-noUpm
-name
AssetImportWorker0
-projectPath
C:/Users/cwp57/Desktop/Echosense
-logFile
Logs/AssetImportWorker0.log
-srvPort
60455
-job-worker-count
9
-background-job-worker-count
8
-gc-helper-count
1
Successfully changed project path to: C:/Users/cwp57/Desktop/Echosense
C:/Users/cwp57/Desktop/Echosense
[UnityMemory] Configuration Parameters - Can be set up in boot.config
    "memorysetup-bucket-allocator-granularity=16"
    "memorysetup-bucket-allocator-bucket-count=8"
    "memorysetup-bucket-allocator-block-size=33554432"
    "memorysetup-bucket-allocator-block-count=8"
    "memorysetup-main-allocator-block-size=16777216"
    "memorysetup-thread-allocator-block-size=16777216"
    "memorysetup-gfx-main-allocator-block-size=16777216"
    "memorysetup-gfx-thread-allocator-block-size=16777216"
    "memorysetup-cache-allocator-block-size=4194304"
    "memorysetup-typetree-allocator-block-size=2097152"
    "memorysetup-profiler-bucket-allocator-granularity=16"
    "memorysetup-profiler-bucket-allocator-bucket-count=8"
    "memorysetup-profiler-bucket-allocator-block-size=33554432"
    "memorysetup-profiler-bucket-allocator-block-count=8"
    "memorysetup-profiler-allocator-block-size=16777216"
    "memorysetup-profiler-editor-allocator-block-size=1048576"
    "memorysetup-temp-allocator-size-main=16777216"
    "memorysetup-job-temp-allocator-block-size=2097152"
    "memorysetup-job-temp-allocator-block-size-background=1048576"
    "memorysetup-job-temp-allocator-reduction-small-platforms=262144"
    "memorysetup-allocator-temp-initial-block-size-main=262144"
    "memorysetup-allocator-temp-initial-block-size-worker=262144"
    "memorysetup-temp-allocator-size-background-worker=32768"
    "memorysetup-temp-allocator-size-job-worker=262144"
    "memorysetup-temp-allocator-size-preload-manager=33554432"
    "memorysetup-temp-allocator-size-nav-mesh-worker=65536"
    "memorysetup-temp-allocator-size-audio-worker=65536"
    "memorysetup-temp-allocator-size-cloud-worker=32768"
    "memorysetup-temp-allocator-size-gi-baking-worker=262144"
    "memorysetup-temp-allocator-size-gi-baking-worker=262144"
    "memorysetup-temp-allocator-size-gi-baking-worker=262144"
    "memorysetup-temp-allocator-size-gi-baking-worker=262144"
    "memorysetup-temp-allocator-size-gi-baking-worker=262144"
    "memorysetup-temp-allocator-size-gfx=262144"
Player connection [76084]  Target information:

Player connection [76084]  * "[IP] 128.84.84.251 [Port] 0 [Flags] 2 [Guid] 2652545871 [EditorId] 2652545871 [Version] 1048832 [Id] WindowsEditor(7,CT-NY-AXR03) [Debug] 1 [PackageName] WindowsEditor [ProjectName] Editor" 

Player connection [76084] Host joined multi-casting on [225.0.0.222:54997]...
Player connection [76084] Host joined alternative multi-casting on [225.0.0.222:34997]...
JobSystem: Creating JobQueue using job-worker-count value 9
Input System module state changed to: Initialized.
[Physics::Module] Initialized fallback backend.
[Physics::Module] Id: 0xdecafbad
Library Redirect Path: Library/
[Physics::Module] Selected backend.
[Physics::Module] Name: PhysX
[Physics::Module] Id: 0xf2b8ea05
[Physics::Module] SDK Version: 4.1.2
[Physics::Module] Integration Version: 1.0.0
[Physics::Module] Threading Mode: Multi-Threaded
Refreshing native plugins compatible for Editor in 2.96 ms, found 7 plugins.
Preloading 1 native plugins for Editor in 4.25 ms.
Initialize engine version: 6000.0.35f1 (9a3bc604008a)
[Subsystems] Discovering subsystems at path C:/Program Files/Unity/Hub/Editor/6000.0.35f1/Editor/Data/Resources/UnitySubsystems
[Subsystems] Discovering subsystems at path C:/Users/cwp57/Desktop/Echosense/Assets
GfxDevice: creating device client; kGfxThreadingModeNonThreaded
Direct3D:
    Version:  Direct3D 11.0 [level 11.1]
    Renderer: NVIDIA GeForce RTX 3070 (ID=0x2488)
    Vendor:   NVIDIA
    VRAM:     8018 MB
    Driver:   32.0.15.6624
Initialize mono
Mono path[0] = 'C:/Program Files/Unity/Hub/Editor/6000.0.35f1/Editor/Data/Managed'
Mono path[1] = 'C:/Program Files/Unity/Hub/Editor/6000.0.35f1/Editor/Data/MonoBleedingEdge/lib/mono/unityjit-win32'
Mono config path = 'C:/Program Files/Unity/Hub/Editor/6000.0.35f1/Editor/Data/MonoBleedingEdge/etc'
Using monoOptions --debugger-agent=transport=dt_socket,embedding=1,server=y,suspend=n,address=127.0.0.1:56796
Begin MonoManager ReloadAssembly
Registering precompiled unity dll's ...
Register platform support module: C:/Program Files/Unity/Hub/Editor/6000.0.35f1/Editor/Data/PlaybackEngines/WindowsStandaloneSupport/UnityEditor.WindowsStandalone.Extensions.dll
Register platform support module: C:/Program Files/Unity/Hub/Editor/6000.0.35f1/Editor/Data/PlaybackEngines/AndroidPlayer/UnityEditor.Android.Extensions.dll
Registered in 0.003038 seconds.
- Loaded All Assemblies, in  0.336 seconds
Native extension for Android target not found
Android Extension - Scanning For ADB Devices 519 ms
Native extension for WindowsStandalone target not found
Mono: successfully reloaded assembly
- Finished resetting the current domain, in  0.833 seconds
Domain Reload Profiling: 1167ms
	BeginReloadAssembly (119ms)
		ExecutionOrderSort (0ms)
		DisableScriptedObjects (0ms)
		BackupInstance (0ms)
		ReleaseScriptingObjects (0ms)
		CreateAndSetChildDomain (1ms)
	RebuildCommonClasses (29ms)
	RebuildNativeTypeToScriptingClass (9ms)
	initialDomainReloadingComplete (40ms)
	LoadAllAssembliesAndSetupDomain (136ms)
		LoadAssemblies (118ms)
		RebuildTransferFunctionScriptingTraits (0ms)
		AnalyzeDomain (132ms)
			TypeCache.Refresh (131ms)
				TypeCache.ScanAssembly (119ms)
			BuildScriptInfoCaches (0ms)
			ResolveRequiredComponents (0ms)
	FinalizeReload (833ms)
		ReleaseScriptCaches (0ms)
		RebuildScriptCaches (0ms)
		SetupLoadedEditorAssemblies (801ms)
			LogAssemblyErrors (0ms)
			InitializePlatformSupportModulesInManaged (610ms)
			SetLoadedEditorAssemblies (3ms)
			BeforeProcessingInitializeOnLoad (39ms)
			ProcessInitializeOnLoadAttributes (98ms)
			ProcessInitializeOnLoadMethodAttributes (50ms)
			AfterProcessingInitializeOnLoad (0ms)
			EditorAssembliesLoaded (0ms)
		ExecutionOrderSort2 (0ms)
		AwakeInstancesAfterBackupRestoration (0ms)
========================================================================
Worker process is ready to serve import requests
Import Worker Mode flag is 0x00
Begin MonoManager ReloadAssembly
- Loaded All Assemblies, in  0.537 seconds
Refreshing native plugins compatible for Editor in 2.19 ms, found 7 plugins.
Native extension for Android target not found
Native extension for WindowsStandalone target not found
Mono: successfully reloaded assembly
- Finished resetting the current domain, in  0.424 seconds
Domain Reload Profiling: 959ms
	BeginReloadAssembly (145ms)
		ExecutionOrderSort (0ms)
		DisableScriptedObjects (5ms)
		BackupInstance (0ms)
		ReleaseScriptingObjects (0ms)
		CreateAndSetChildDomain (26ms)
	RebuildCommonClasses (30ms)
	RebuildNativeTypeToScriptingClass (8ms)
	initialDomainReloadingComplete (29ms)
	LoadAllAssembliesAndSetupDomain (323ms)
		LoadAssemblies (271ms)
		RebuildTransferFunctionScriptingTraits (0ms)
		AnalyzeDomain (142ms)
			TypeCache.Refresh (117ms)
				TypeCache.ScanAssembly (104ms)
			BuildScriptInfoCaches (19ms)
			ResolveRequiredComponents (3ms)
	FinalizeReload (424ms)
		ReleaseScriptCaches (0ms)
		RebuildScriptCaches (0ms)
		SetupLoadedEditorAssemblies (326ms)
			LogAssemblyErrors (0ms)
			InitializePlatformSupportModulesInManaged (11ms)
			SetLoadedEditorAssemblies (3ms)
			BeforeProcessingInitializeOnLoad (60ms)
			ProcessInitializeOnLoadAttributes (230ms)
			ProcessInitializeOnLoadMethodAttributes (18ms)
			AfterProcessingInitializeOnLoad (3ms)
			EditorAssembliesLoaded (0ms)
		ExecutionOrderSort2 (0ms)
		AwakeInstancesAfterBackupRestoration (6ms)
Launched and connected shader compiler UnityShaderCompiler.exe after 0.02 seconds
Refreshing native plugins compatible for Editor in 1.99 ms, found 7 plugins.
Preloading 1 native plugins for Editor in 0.07 ms.
Unloading 8 Unused Serialized files (Serialized files now loaded: 0)
Unloading 3290 unused Assets / (1.0 MB). Loaded Objects now: 3777.
Memory consumption went from 80.5 MB to 79.5 MB.
Total: 4.239700 ms (FindLiveObjects: 0.256500 ms CreateObjectMapping: 0.220200 ms MarkObjects: 2.988100 ms  DeleteObjects: 0.773900 ms)

========================================================================
Received Import Request.
  Time since last request: 673825.336945 seconds.
  path: Assets/Plugins/Windows/libgcc_s_seh-1.dll
  artifactKey: Guid(ac63c8a5bd0bcc347b76010385552eb5) Importer(815301076,1909f56bfc062723c751e8b465ee728b)
Start importing Assets/Plugins/Windows/libgcc_s_seh-1.dll using Guid(ac63c8a5bd0bcc347b76010385552eb5) Importer(815301076,1909f56bfc062723c751e8b465ee728b) (PreviewImporter) -> (artifact id: 'e983daae178095f50bf82bf38186d4c5') in 0.0039527 seconds
Number of updated asset objects reloaded before import = 0Number of asset objects unloaded after import = 0

========================================================================
Received Prepare
Refreshing native plugins compatible for Editor in 2.12 ms, found 7 plugins.
Preloading 1 native plugins for Editor in 0.07 ms.
Unloading 0 Unused Serialized files (Serialized files now loaded: 0)
Unloading 3277 unused Assets / (0.9 MB). Loaded Objects now: 3779.
Memory consumption went from 78.8 MB to 77.9 MB.
Total: 4.803300 ms (FindLiveObjects: 0.456000 ms CreateObjectMapping: 0.335100 ms MarkObjects: 3.254900 ms  DeleteObjects: 0.756300 ms)

Prepare: number of updated asset objects reloaded= 0
========================================================================
Received Prepare
Refreshing native plugins compatible for Editor in 2.58 ms, found 7 plugins.
Preloading 1 native plugins for Editor in 0.10 ms.
Unloading 0 Unused Serialized files (Serialized files now loaded: 0)
Unloading 3277 unused Assets / (0.9 MB). Loaded Objects now: 3779.
Memory consumption went from 78.8 MB to 77.9 MB.
Total: 4.083200 ms (FindLiveObjects: 0.263700 ms CreateObjectMapping: 0.237100 ms MarkObjects: 2.821900 ms  DeleteObjects: 0.759400 ms)

Prepare: number of updated asset objects reloaded= 0
========================================================================
Received Prepare
Refreshing native plugins compatible for Editor in 2.05 ms, found 7 plugins.
Preloading 1 native plugins for Editor in 0.07 ms.
Unloading 0 Unused Serialized files (Serialized files now loaded: 0)
Unloading 3277 unused Assets / (1.0 MB). Loaded Objects now: 3779.
Memory consumption went from 78.8 MB to 77.8 MB.
Total: 4.087400 ms (FindLiveObjects: 0.281400 ms CreateObjectMapping: 0.304400 ms MarkObjects: 2.775400 ms  DeleteObjects: 0.725200 ms)

Prepare: number of updated asset objects reloaded= 0
========================================================================
Received Prepare
Refreshing native plugins compatible for Editor in 1.81 ms, found 7 plugins.
Preloading 1 native plugins for Editor in 0.07 ms.
Unloading 0 Unused Serialized files (Serialized files now loaded: 0)
Unloading 3277 unused Assets / (0.9 MB). Loaded Objects now: 3779.
Memory consumption went from 78.8 MB to 77.9 MB.
Total: 4.403700 ms (FindLiveObjects: 0.307400 ms CreateObjectMapping: 0.409600 ms MarkObjects: 2.969900 ms  DeleteObjects: 0.715600 ms)

Prepare: number of updated asset objects reloaded= 0
========================================================================
Received Import Request.
  Time since last request: 10.776156 seconds.
  path: Assets/Plugins/Windows/libstdc++-6.dll
  artifactKey: Guid(6d912ea992669034093056496a02f719) Importer(815301076,1909f56bfc062723c751e8b465ee728b)
Start importing Assets/Plugins/Windows/libstdc++-6.dll using Guid(6d912ea992669034093056496a02f719) Importer(815301076,1909f56bfc062723c751e8b465ee728b) (PreviewImporter) -> (artifact id: '42a3547c31117326c71d271b7ba612b1') in 0.0016017 seconds
Number of updated asset objects reloaded before import = 0Number of asset objects unloaded after import = 0

========================================================================
Received Prepare
Refreshing native plugins compatible for Editor in 2.89 ms, found 7 plugins.
Preloading 2 native plugins for Editor in 0.12 ms.
Unloading 0 Unused Serialized files (Serialized files now loaded: 0)
Unloading 3277 unused Assets / (0.9 MB). Loaded Objects now: 3779.
Memory consumption went from 78.8 MB to 78.0 MB.
Total: 3.961400 ms (FindLiveObjects: 0.256900 ms CreateObjectMapping: 0.183100 ms MarkObjects: 2.872200 ms  DeleteObjects: 0.648400 ms)

Prepare: number of updated asset objects reloaded= 0
========================================================================
Received Prepare
Refreshing native plugins compatible for Editor in 2.45 ms, found 7 plugins.
Preloading 2 native plugins for Editor in 0.13 ms.
Unloading 0 Unused Serialized files (Serialized files now loaded: 0)
Unloading 3277 unused Assets / (0.9 MB). Loaded Objects now: 3779.
Memory consumption went from 78.8 MB to 77.9 MB.
Total: 3.788300 ms (FindLiveObjects: 0.342200 ms CreateObjectMapping: 0.179700 ms MarkObjects: 2.685900 ms  DeleteObjects: 0.579100 ms)

Prepare: number of updated asset objects reloaded= 0
========================================================================
Received Import Request.
  Time since last request: 3.512580 seconds.
  path: Assets/Plugins/Windows/libstdc++-6.dll
  artifactKey: Guid(6d912ea992669034093056496a02f719) Importer(815301076,1909f56bfc062723c751e8b465ee728b)
Start importing Assets/Plugins/Windows/libstdc++-6.dll using Guid(6d912ea992669034093056496a02f719) Importer(815301076,1909f56bfc062723c751e8b465ee728b) (PreviewImporter) -> (artifact id: 'f9ff279e66e37339d2fc7b35cfe5626f') in 0.0012835 seconds
Number of updated asset objects reloaded before import = 0Number of asset objects unloaded after import = 0

========================================================================
Received Prepare
Refreshing native plugins compatible for Editor in 2.06 ms, found 7 plugins.
Preloading 3 native plugins for Editor in 0.16 ms.
Unloading 0 Unused Serialized files (Serialized files now loaded: 0)
Unloading 3277 unused Assets / (0.9 MB). Loaded Objects now: 3779.
Memory consumption went from 78.8 MB to 77.9 MB.
Total: 4.231100 ms (FindLiveObjects: 0.265500 ms CreateObjectMapping: 0.195500 ms MarkObjects: 2.990400 ms  DeleteObjects: 0.778800 ms)

Prepare: number of updated asset objects reloaded= 0
========================================================================
Received Prepare
Refreshing native plugins compatible for Editor in 1.80 ms, found 7 plugins.
Preloading 3 native plugins for Editor in 0.17 ms.
Unloading 0 Unused Serialized files (Serialized files now loaded: 0)
Unloading 3277 unused Assets / (1.0 MB). Loaded Objects now: 3779.
Memory consumption went from 78.8 MB to 77.9 MB.
Total: 4.293600 ms (FindLiveObjects: 0.264900 ms CreateObjectMapping: 0.184300 ms MarkObjects: 3.108600 ms  DeleteObjects: 0.734900 ms)

Prepare: number of updated asset objects reloaded= 0
========================================================================
Received Import Request.
  Time since last request: 1.328941 seconds.
  path: Assets/Plugins/Windows/libgcc_s_seh-1.dll
  artifactKey: Guid(ac63c8a5bd0bcc347b76010385552eb5) Importer(815301076,1909f56bfc062723c751e8b465ee728b)
Start importing Assets/Plugins/Windows/libgcc_s_seh-1.dll using Guid(ac63c8a5bd0bcc347b76010385552eb5) Importer(815301076,1909f56bfc062723c751e8b465ee728b) (PreviewImporter) -> (artifact id: '0c6132ac0ca0fdcd5c11c09de24d296e') in 0.0012975 seconds
Number of updated asset objects reloaded before import = 0Number of asset objects unloaded after import = 0

========================================================================
Received Import Request.
  Time since last request: 0.704563 seconds.
  path: Assets/Plugins/Windows/libwinpthread-1.dll
  artifactKey: Guid(ab459a6e70602b241b1fb17304e7fc2c) Importer(815301076,1909f56bfc062723c751e8b465ee728b)
Start importing Assets/Plugins/Windows/libwinpthread-1.dll using Guid(ab459a6e70602b241b1fb17304e7fc2c) Importer(815301076,1909f56bfc062723c751e8b465ee728b) (PreviewImporter) -> (artifact id: 'bb66b95eafc89dd5ac299e9062234209') in 0.0005166 seconds
Number of updated asset objects reloaded before import = 0Number of asset objects unloaded after import = 0

========================================================================
Received Prepare
Refreshing native plugins compatible for Editor in 1.54 ms, found 7 plugins.
Preloading 4 native plugins for Editor in 0.19 ms.
Unloading 0 Unused Serialized files (Serialized files now loaded: 0)
Unloading 3277 unused Assets / (1.1 MB). Loaded Objects now: 3779.
Memory consumption went from 78.8 MB to 77.7 MB.
Total: 4.683500 ms (FindLiveObjects: 0.304900 ms CreateObjectMapping: 0.224000 ms MarkObjects: 3.012300 ms  DeleteObjects: 1.141300 ms)

Prepare: number of updated asset objects reloaded= 0
========================================================================
Received Prepare
Refreshing native plugins compatible for Editor in 1.80 ms, found 7 plugins.
Preloading 4 native plugins for Editor in 0.19 ms.
Unloading 0 Unused Serialized files (Serialized files now loaded: 0)
Unloading 3277 unused Assets / (0.9 MB). Loaded Objects now: 3779.
Memory consumption went from 78.8 MB to 77.9 MB.
Total: 4.569100 ms (FindLiveObjects: 0.288900 ms CreateObjectMapping: 0.234300 ms MarkObjects: 3.381000 ms  DeleteObjects: 0.664100 ms)

Prepare: number of updated asset objects reloaded= 0
